<?xml version="1.0" encoding="UTF-8"?>
<!-- Generated by org.testng.reporters.JUnitXMLReporter -->
<testsuite ignored="0" hostname="Prasad" failures="3" tests="4" name="Test" time="46.16" errors="0" timestamp="2021-09-01T18:33:57 IST">
  <testcase classname="com.StromgerMe.Scripts.TC_lg_001" name="LoginTest" time="10.682"/>
  <testcase classname="com.StromgerMe.Scripts.TC_lg_001" name="LoginTest" time="6.303">
    <failure type="junit.framework.AssertionFailedError">
      <![CDATA[junit.framework.AssertionFailedError
at junit.framework.Assert.fail(Assert.java:47)
at junit.framework.Assert.assertTrue(Assert.java:20)
at junit.framework.Assert.assertTrue(Assert.java:27)
at com.StromgerMe.Scripts.TC_lg_001.LoginTest(TC_lg_001.java:53)
at java.base/java.util.ArrayList.forEach(ArrayList.java:1511)
... Removed 27 stack frames]]>
    </failure>
  </testcase> <!-- LoginTest -->
  <testcase classname="com.StromgerMe.Scripts.TC_lg_001" name="LoginTest" time="6.349">
    <failure type="junit.framework.AssertionFailedError">
      <![CDATA[junit.framework.AssertionFailedError
at junit.framework.Assert.fail(Assert.java:47)
at junit.framework.Assert.assertTrue(Assert.java:20)
at junit.framework.Assert.assertTrue(Assert.java:27)
at com.StromgerMe.Scripts.TC_lg_001.LoginTest(TC_lg_001.java:53)
at java.base/java.util.ArrayList.forEach(ArrayList.java:1511)
... Removed 27 stack frames]]>
    </failure>
  </testcase> <!-- LoginTest -->
  <testcase classname="com.StromgerMe.Scripts.TC_lg_001" name="LoginTest" time="6.551">
    <failure type="junit.framework.AssertionFailedError">
      <![CDATA[junit.framework.AssertionFailedError
at junit.framework.Assert.fail(Assert.java:47)
at junit.framework.Assert.assertTrue(Assert.java:20)
at junit.framework.Assert.assertTrue(Assert.java:27)
at com.StromgerMe.Scripts.TC_lg_001.LoginTest(TC_lg_001.java:53)
at java.base/java.util.ArrayList.forEach(ArrayList.java:1511)
... Removed 27 stack frames]]>
    </failure>
  </testcase> <!-- LoginTest -->
</testsuite> <!-- Test -->
