<?xml version="1.0" encoding="UTF-8"?>
<testng-results ignored="0" total="4" passed="4" failed="0" skipped="0">
  <reporter-output>
  </reporter-output>
  <suite started-at="2021-09-03T22:15:57 IST" name="Default suite" finished-at="2021-09-03T22:16:57 IST" duration-ms="60034">
    <groups>
    </groups>
    <test started-at="2021-09-03T22:15:57 IST" name="Default test" finished-at="2021-09-03T22:16:57 IST" duration-ms="60034">
      <class name="com.Guru99.Scripts.TC_lg_001">
        <test-method is-config="true" signature="configBC()[pri:0, instance:com.Guru99.Scripts.TC_lg_001@647e447]" started-at="2021-09-03T22:15:57 IST" name="configBC" finished-at="2021-09-03T22:15:59 IST" duration-ms="1926" status="PASS">
          <reporter-output>
          </reporter-output>
        </test-method> <!-- configBC -->
        <test-method is-config="true" signature="configBM()[pri:0, instance:com.Guru99.Scripts.TC_lg_001@647e447]" started-at="2021-09-03T22:16:00 IST" name="configBM" finished-at="2021-09-03T22:16:17 IST" duration-ms="17112" status="PASS">
          <reporter-output>
          </reporter-output>
        </test-method> <!-- configBM -->
        <test-method signature="LoginTest(java.lang.String,java.lang.String,java.lang.String,java.lang.String)[pri:0, instance:com.Guru99.Scripts.TC_lg_001@647e447]" started-at="2021-09-03T22:16:17 IST" name="LoginTest" data-provider="LoginData" finished-at="2021-09-03T22:16:31 IST" duration-ms="14303" status="PASS">
          <params>
            <param index="0">
              <value>
                <![CDATA[TC_lg_001]]>
              </value>
            </param>
            <param index="1">
              <value>
                <![CDATA[mngr349955]]>
              </value>
            </param>
            <param index="2">
              <value>
                <![CDATA[vEsYpyp]]>
              </value>
            </param>
            <param index="3">
              <value>
                <![CDATA[Valid]]>
              </value>
            </param>
          </params>
          <reporter-output>
          </reporter-output>
        </test-method> <!-- LoginTest -->
        <test-method is-config="true" signature="configAM()[pri:0, instance:com.Guru99.Scripts.TC_lg_001@647e447]" started-at="2021-09-03T22:16:31 IST" name="configAM" finished-at="2021-09-03T22:16:31 IST" duration-ms="2" status="PASS">
          <reporter-output>
          </reporter-output>
        </test-method> <!-- configAM -->
        <test-method is-config="true" signature="configBM()[pri:0, instance:com.Guru99.Scripts.TC_lg_001@647e447]" started-at="2021-09-03T22:16:31 IST" name="configBM" finished-at="2021-09-03T22:16:32 IST" duration-ms="1270" status="PASS">
          <reporter-output>
          </reporter-output>
        </test-method> <!-- configBM -->
        <test-method signature="LoginTest(java.lang.String,java.lang.String,java.lang.String,java.lang.String)[pri:0, instance:com.Guru99.Scripts.TC_lg_001@647e447]" started-at="2021-09-03T22:16:32 IST" name="LoginTest" data-provider="LoginData" finished-at="2021-09-03T22:16:39 IST" duration-ms="7060" status="PASS">
          <params>
            <param index="0">
              <value>
                <![CDATA[TC_lg_001]]>
              </value>
            </param>
            <param index="1">
              <value>
                <![CDATA[admin1]]>
              </value>
            </param>
            <param index="2">
              <value>
                <![CDATA[admin1]]>
              </value>
            </param>
            <param index="3">
              <value>
                <![CDATA[Invalid]]>
              </value>
            </param>
          </params>
          <reporter-output>
          </reporter-output>
        </test-method> <!-- LoginTest -->
        <test-method is-config="true" signature="configAM()[pri:0, instance:com.Guru99.Scripts.TC_lg_001@647e447]" started-at="2021-09-03T22:16:39 IST" name="configAM" finished-at="2021-09-03T22:16:39 IST" duration-ms="1" status="PASS">
          <reporter-output>
          </reporter-output>
        </test-method> <!-- configAM -->
        <test-method is-config="true" signature="configBM()[pri:0, instance:com.Guru99.Scripts.TC_lg_001@647e447]" started-at="2021-09-03T22:16:39 IST" name="configBM" finished-at="2021-09-03T22:16:41 IST" duration-ms="2086" status="PASS">
          <reporter-output>
          </reporter-output>
        </test-method> <!-- configBM -->
        <test-method signature="LoginTest(java.lang.String,java.lang.String,java.lang.String,java.lang.String)[pri:0, instance:com.Guru99.Scripts.TC_lg_001@647e447]" started-at="2021-09-03T22:16:41 IST" name="LoginTest" data-provider="LoginData" finished-at="2021-09-03T22:16:48 IST" duration-ms="6436" status="PASS">
          <params>
            <param index="0">
              <value>
                <![CDATA[TC_lg_001]]>
              </value>
            </param>
            <param index="1">
              <value>
                <![CDATA[admin12 ]]>
              </value>
            </param>
            <param index="2">
              <value>
                <![CDATA[admin12]]>
              </value>
            </param>
            <param index="3">
              <value>
                <![CDATA[Invalid]]>
              </value>
            </param>
          </params>
          <reporter-output>
          </reporter-output>
        </test-method> <!-- LoginTest -->
        <test-method is-config="true" signature="configAM()[pri:0, instance:com.Guru99.Scripts.TC_lg_001@647e447]" started-at="2021-09-03T22:16:48 IST" name="configAM" finished-at="2021-09-03T22:16:48 IST" duration-ms="1" status="PASS">
          <reporter-output>
          </reporter-output>
        </test-method> <!-- configAM -->
        <test-method is-config="true" signature="configBM()[pri:0, instance:com.Guru99.Scripts.TC_lg_001@647e447]" started-at="2021-09-03T22:16:48 IST" name="configBM" finished-at="2021-09-03T22:16:49 IST" duration-ms="1208" status="PASS">
          <reporter-output>
          </reporter-output>
        </test-method> <!-- configBM -->
        <test-method signature="LoginTest(java.lang.String,java.lang.String,java.lang.String,java.lang.String)[pri:0, instance:com.Guru99.Scripts.TC_lg_001@647e447]" started-at="2021-09-03T22:16:49 IST" name="LoginTest" data-provider="LoginData" finished-at="2021-09-03T22:16:57 IST" duration-ms="7637" status="PASS">
          <params>
            <param index="0">
              <value>
                <![CDATA[TC_lg_001]]>
              </value>
            </param>
            <param index="1">
              <value>
                <![CDATA[admin123]]>
              </value>
            </param>
            <param index="2">
              <value>
                <![CDATA[admin12]]>
              </value>
            </param>
            <param index="3">
              <value>
                <![CDATA[Invalid]]>
              </value>
            </param>
          </params>
          <reporter-output>
          </reporter-output>
        </test-method> <!-- LoginTest -->
        <test-method is-config="true" signature="configAM()[pri:0, instance:com.Guru99.Scripts.TC_lg_001@647e447]" started-at="2021-09-03T22:16:57 IST" name="configAM" finished-at="2021-09-03T22:16:57 IST" duration-ms="0" status="PASS">
          <reporter-output>
          </reporter-output>
        </test-method> <!-- configAM -->
        <test-method is-config="true" signature="cofigAC()[pri:0, instance:com.Guru99.Scripts.TC_lg_001@647e447]" started-at="2021-09-03T22:16:57 IST" name="cofigAC" finished-at="2021-09-03T22:16:57 IST" duration-ms="465" status="PASS">
          <reporter-output>
          </reporter-output>
        </test-method> <!-- cofigAC -->
      </class> <!-- com.Guru99.Scripts.TC_lg_001 -->
    </test> <!-- Default test -->
  </suite> <!-- Default suite -->
</testng-results>
