<?xml version="1.0" encoding="UTF-8"?>
<!-- Generated by org.testng.reporters.JUnitXMLReporter -->
<testsuite ignored="0" hostname="Prasad" failures="0" tests="4" name="Default test" time="41.208" errors="0" timestamp="2021-09-01T18:16:25 IST">
  <testcase classname="com.StromgerMe.Scripts.TC_lg_001" name="LoginTest" time="11.156"/>
  <testcase classname="com.StromgerMe.Scripts.TC_lg_001" name="LoginTest" time="6.539"/>
  <testcase classname="com.StromgerMe.Scripts.TC_lg_001" name="LoginTest" time="6.331"/>
  <testcase classname="com.StromgerMe.Scripts.TC_lg_001" name="LoginTest" time="7.062"/>
</testsuite> <!-- Default test -->
