<?xml version="1.0" encoding="UTF-8"?>
<!-- Generated by org.testng.reporters.JUnitXMLReporter -->
<testsuite ignored="0" hostname="Prasad" failures="0" tests="4" name="Default test" time="60.034" errors="0" timestamp="2021-09-03T22:16:57 IST">
  <testcase classname="com.Guru99.Scripts.TC_lg_001" name="LoginTest" time="14.303"/>
  <testcase classname="com.Guru99.Scripts.TC_lg_001" name="LoginTest" time="7.06"/>
  <testcase classname="com.Guru99.Scripts.TC_lg_001" name="LoginTest" time="6.436"/>
  <testcase classname="com.Guru99.Scripts.TC_lg_001" name="LoginTest" time="7.637"/>
</testsuite> <!-- Default test -->
